[0.939s] Invoking command in '/home/student/AdR/ros2_ws/src/p2_kf_adr': PYTHONPATH=/home/student/AdR/ros2_ws/src/p2_kf_adr/build/p2_kf_adr/prefix_override:/usr/lib/python3/dist-packages/colcon_core/task/python/colcon_distutils_commands:/home/student/AdR/ros2_ws/src/p2_kf_adr/install/p2_kf_adr/lib/python3.10/site-packages:${PYTHONPATH} /usr/bin/python3 -W ignore:setup.py install is deprecated -W ignore:easy_install command is deprecated setup.py egg_info --egg-base build/p2_kf_adr build --build-base /home/student/AdR/ros2_ws/src/p2_kf_adr/build/p2_kf_adr/build install --record /home/student/AdR/ros2_ws/src/p2_kf_adr/build/p2_kf_adr/install.log --single-version-externally-managed install_data
[1.109s] running egg_info
[1.109s] creating build/p2_kf_adr/p2_kf_adr.egg-info
[1.110s] writing build/p2_kf_adr/p2_kf_adr.egg-info/PKG-INFO
[1.110s] writing dependency_links to build/p2_kf_adr/p2_kf_adr.egg-info/dependency_links.txt
[1.113s] writing entry points to build/p2_kf_adr/p2_kf_adr.egg-info/entry_points.txt
[1.113s] writing requirements to build/p2_kf_adr/p2_kf_adr.egg-info/requires.txt
[1.113s] writing top-level names to build/p2_kf_adr/p2_kf_adr.egg-info/top_level.txt
[1.113s] writing manifest file 'build/p2_kf_adr/p2_kf_adr.egg-info/SOURCES.txt'
[1.116s] reading manifest file 'build/p2_kf_adr/p2_kf_adr.egg-info/SOURCES.txt'
[1.116s] writing manifest file 'build/p2_kf_adr/p2_kf_adr.egg-info/SOURCES.txt'
[1.117s] running build
[1.117s] running build_py
[1.117s] creating /home/student/AdR/ros2_ws/src/p2_kf_adr/build/p2_kf_adr/build
[1.117s] creating /home/student/AdR/ros2_ws/src/p2_kf_adr/build/p2_kf_adr/build/lib
[1.117s] creating /home/student/AdR/ros2_ws/src/p2_kf_adr/build/p2_kf_adr/build/lib/p2_kf_adr
[1.117s] copying p2_kf_adr/kf_estimation_vel.py -> /home/student/AdR/ros2_ws/src/p2_kf_adr/build/p2_kf_adr/build/lib/p2_kf_adr
[1.117s] copying p2_kf_adr/motion_models.py -> /home/student/AdR/ros2_ws/src/p2_kf_adr/build/p2_kf_adr/build/lib/p2_kf_adr
[1.118s] copying p2_kf_adr/sensor_utils.py -> /home/student/AdR/ros2_ws/src/p2_kf_adr/build/p2_kf_adr/build/lib/p2_kf_adr
[1.118s] copying p2_kf_adr/visualization.py -> /home/student/AdR/ros2_ws/src/p2_kf_adr/build/p2_kf_adr/build/lib/p2_kf_adr
[1.118s] copying p2_kf_adr/observation_models.py -> /home/student/AdR/ros2_ws/src/p2_kf_adr/build/p2_kf_adr/build/lib/p2_kf_adr
[1.118s] copying p2_kf_adr/__init__.py -> /home/student/AdR/ros2_ws/src/p2_kf_adr/build/p2_kf_adr/build/lib/p2_kf_adr
[1.118s] copying p2_kf_adr/kf_estimation.py -> /home/student/AdR/ros2_ws/src/p2_kf_adr/build/p2_kf_adr/build/lib/p2_kf_adr
[1.118s] creating /home/student/AdR/ros2_ws/src/p2_kf_adr/build/p2_kf_adr/build/lib/p2_kf_adr/filters
[1.118s] copying p2_kf_adr/filters/kalman_filter.py -> /home/student/AdR/ros2_ws/src/p2_kf_adr/build/p2_kf_adr/build/lib/p2_kf_adr/filters
[1.119s] copying p2_kf_adr/filters/__init__.py -> /home/student/AdR/ros2_ws/src/p2_kf_adr/build/p2_kf_adr/build/lib/p2_kf_adr/filters
[1.119s] running install
[1.119s] running install_lib
[1.120s] creating /home/student/AdR/ros2_ws/src/p2_kf_adr/install/p2_kf_adr/lib/python3.10/site-packages/p2_kf_adr
[1.120s] copying /home/student/AdR/ros2_ws/src/p2_kf_adr/build/p2_kf_adr/build/lib/p2_kf_adr/kf_estimation_vel.py -> /home/student/AdR/ros2_ws/src/p2_kf_adr/install/p2_kf_adr/lib/python3.10/site-packages/p2_kf_adr
[1.120s] copying /home/student/AdR/ros2_ws/src/p2_kf_adr/build/p2_kf_adr/build/lib/p2_kf_adr/motion_models.py -> /home/student/AdR/ros2_ws/src/p2_kf_adr/install/p2_kf_adr/lib/python3.10/site-packages/p2_kf_adr
[1.120s] copying /home/student/AdR/ros2_ws/src/p2_kf_adr/build/p2_kf_adr/build/lib/p2_kf_adr/sensor_utils.py -> /home/student/AdR/ros2_ws/src/p2_kf_adr/install/p2_kf_adr/lib/python3.10/site-packages/p2_kf_adr
[1.121s] creating /home/student/AdR/ros2_ws/src/p2_kf_adr/install/p2_kf_adr/lib/python3.10/site-packages/p2_kf_adr/filters
[1.121s] copying /home/student/AdR/ros2_ws/src/p2_kf_adr/build/p2_kf_adr/build/lib/p2_kf_adr/filters/kalman_filter.py -> /home/student/AdR/ros2_ws/src/p2_kf_adr/install/p2_kf_adr/lib/python3.10/site-packages/p2_kf_adr/filters
[1.121s] copying /home/student/AdR/ros2_ws/src/p2_kf_adr/build/p2_kf_adr/build/lib/p2_kf_adr/filters/__init__.py -> /home/student/AdR/ros2_ws/src/p2_kf_adr/install/p2_kf_adr/lib/python3.10/site-packages/p2_kf_adr/filters
[1.121s] copying /home/student/AdR/ros2_ws/src/p2_kf_adr/build/p2_kf_adr/build/lib/p2_kf_adr/visualization.py -> /home/student/AdR/ros2_ws/src/p2_kf_adr/install/p2_kf_adr/lib/python3.10/site-packages/p2_kf_adr
[1.121s] copying /home/student/AdR/ros2_ws/src/p2_kf_adr/build/p2_kf_adr/build/lib/p2_kf_adr/observation_models.py -> /home/student/AdR/ros2_ws/src/p2_kf_adr/install/p2_kf_adr/lib/python3.10/site-packages/p2_kf_adr
[1.121s] copying /home/student/AdR/ros2_ws/src/p2_kf_adr/build/p2_kf_adr/build/lib/p2_kf_adr/__init__.py -> /home/student/AdR/ros2_ws/src/p2_kf_adr/install/p2_kf_adr/lib/python3.10/site-packages/p2_kf_adr
[1.121s] copying /home/student/AdR/ros2_ws/src/p2_kf_adr/build/p2_kf_adr/build/lib/p2_kf_adr/kf_estimation.py -> /home/student/AdR/ros2_ws/src/p2_kf_adr/install/p2_kf_adr/lib/python3.10/site-packages/p2_kf_adr
[1.122s] byte-compiling /home/student/AdR/ros2_ws/src/p2_kf_adr/install/p2_kf_adr/lib/python3.10/site-packages/p2_kf_adr/kf_estimation_vel.py to kf_estimation_vel.cpython-310.pyc
[1.122s] byte-compiling /home/student/AdR/ros2_ws/src/p2_kf_adr/install/p2_kf_adr/lib/python3.10/site-packages/p2_kf_adr/motion_models.py to motion_models.cpython-310.pyc
[1.122s] byte-compiling /home/student/AdR/ros2_ws/src/p2_kf_adr/install/p2_kf_adr/lib/python3.10/site-packages/p2_kf_adr/sensor_utils.py to sensor_utils.cpython-310.pyc
[1.123s] byte-compiling /home/student/AdR/ros2_ws/src/p2_kf_adr/install/p2_kf_adr/lib/python3.10/site-packages/p2_kf_adr/filters/kalman_filter.py to kalman_filter.cpython-310.pyc
[1.123s] byte-compiling /home/student/AdR/ros2_ws/src/p2_kf_adr/install/p2_kf_adr/lib/python3.10/site-packages/p2_kf_adr/filters/__init__.py to __init__.cpython-310.pyc
[1.123s] byte-compiling /home/student/AdR/ros2_ws/src/p2_kf_adr/install/p2_kf_adr/lib/python3.10/site-packages/p2_kf_adr/visualization.py to visualization.cpython-310.pyc
[1.124s] byte-compiling /home/student/AdR/ros2_ws/src/p2_kf_adr/install/p2_kf_adr/lib/python3.10/site-packages/p2_kf_adr/observation_models.py to observation_models.cpython-310.pyc
[1.124s] byte-compiling /home/student/AdR/ros2_ws/src/p2_kf_adr/install/p2_kf_adr/lib/python3.10/site-packages/p2_kf_adr/__init__.py to __init__.cpython-310.pyc
[1.124s] byte-compiling /home/student/AdR/ros2_ws/src/p2_kf_adr/install/p2_kf_adr/lib/python3.10/site-packages/p2_kf_adr/kf_estimation.py to kf_estimation.cpython-310.pyc
[1.125s] running install_data
[1.127s] creating /home/student/AdR/ros2_ws/src/p2_kf_adr/install/p2_kf_adr/share/ament_index
[1.128s] creating /home/student/AdR/ros2_ws/src/p2_kf_adr/install/p2_kf_adr/share/ament_index/resource_index
[1.128s] creating /home/student/AdR/ros2_ws/src/p2_kf_adr/install/p2_kf_adr/share/ament_index/resource_index/packages
[1.128s] copying resource/p2_kf_adr -> /home/student/AdR/ros2_ws/src/p2_kf_adr/install/p2_kf_adr/share/ament_index/resource_index/packages
[1.128s] copying package.xml -> /home/student/AdR/ros2_ws/src/p2_kf_adr/install/p2_kf_adr/share/p2_kf_adr
[1.128s] running install_egg_info
[1.130s] Copying build/p2_kf_adr/p2_kf_adr.egg-info to /home/student/AdR/ros2_ws/src/p2_kf_adr/install/p2_kf_adr/lib/python3.10/site-packages/p2_kf_adr-0.0.0-py3.10.egg-info
[1.131s] running install_scripts
[1.173s] Installing kf_estimation script to /home/student/AdR/ros2_ws/src/p2_kf_adr/install/p2_kf_adr/lib/p2_kf_adr
[1.174s] Installing kf_estimation_vel script to /home/student/AdR/ros2_ws/src/p2_kf_adr/install/p2_kf_adr/lib/p2_kf_adr
[1.175s] writing list of installed files to '/home/student/AdR/ros2_ws/src/p2_kf_adr/build/p2_kf_adr/install.log'
[1.196s] Invoked command in '/home/student/AdR/ros2_ws/src/p2_kf_adr' returned '0': PYTHONPATH=/home/student/AdR/ros2_ws/src/p2_kf_adr/build/p2_kf_adr/prefix_override:/usr/lib/python3/dist-packages/colcon_core/task/python/colcon_distutils_commands:/home/student/AdR/ros2_ws/src/p2_kf_adr/install/p2_kf_adr/lib/python3.10/site-packages:${PYTHONPATH} /usr/bin/python3 -W ignore:setup.py install is deprecated -W ignore:easy_install command is deprecated setup.py egg_info --egg-base build/p2_kf_adr build --build-base /home/student/AdR/ros2_ws/src/p2_kf_adr/build/p2_kf_adr/build install --record /home/student/AdR/ros2_ws/src/p2_kf_adr/build/p2_kf_adr/install.log --single-version-externally-managed install_data
